{
  "RSpec": {
    "coverage": {
      "/Users/catusel/work/ada/capstone/Adventure-TBD/spec/helpful_classes/google_requester_spec.rb": [
        1,
        null,
        1,
        null,
        1,
        null,
        2,
        2,
        2,
        null,
        1,
        1,
        1,
        1,
        null,
        1,
        null,
        null,
        null,
        1,
        1,
        1,
        1,
        null,
        1,
        null,
        null,
        null,
        1,
        1,
        1,
        1,
        null,
        1,
        1,
        null,
        null,
        null,
        null,
        1,
        4,
        2,
        1,
        null,
        1,
        1,
        1,
        null,
        1,
        1,
        null,
        null,
        1,
        1,
        1,
        1,
        null,
        1,
        null,
        null,
        null,
        1,
        1,
        1,
        1,
        1,
        null,
        1,
        null,
        null,
        null,
        null
      ],
      "/Users/catusel/work/ada/capstone/Adventure-TBD/spec/rails_helper.rb": [
        null,
        1,
        1,
        1,
        1,
        null,
        null,
        null,
        null,
        null,
        null,
        null,
        null,
        null,
        null,
        null,
        null,
        null,
        null,
        null,
        null,
        null,
        null,
        null,
        1,
        null,
        1,
        null,
        1,
        null,
        null,
        null,
        null,
        1,
        null,
        null,
        null,
        null,
        null,
        null,
        null,
        null,
        null,
        null,
        null,
        null,
        null,
        null,
        1,
        null
      ],
      "/Users/catusel/work/ada/capstone/Adventure-TBD/config/environment.rb": [
        null,
        1,
        null,
        null,
        1
      ],
      "/Users/catusel/work/ada/capstone/Adventure-TBD/config/application.rb": [
        1,
        null,
        null,
        1,
        1,
        1,
        1,
        1,
        1,
        null,
        null,
        null,
        null,
        1,
        null,
        1,
        1,
        1,
        null,
        null,
        null,
        null,
        null,
        null,
        null,
        null,
        null,
        null,
        null,
        null,
        null
      ],
      "/Users/catusel/work/ada/capstone/Adventure-TBD/config/boot.rb": [
        null,
        1,
        null,
        1
      ],
      "/Users/catusel/work/ada/capstone/Adventure-TBD/config/environments/test.rb": [
        1,
        null,
        null,
        null,
        null,
        null,
        null,
        1,
        null,
        null,
        null,
        null,
        1,
        null,
        null,
        1,
        1,
        null,
        null,
        1,
        1,
        null,
        null,
        1,
        null,
        null,
        1,
        null,
        null,
        null,
        null,
        1,
        null,
        null,
        1,
        null,
        null,
        null,
        null
      ],
      "/Users/catusel/work/ada/capstone/Adventure-TBD/config/initializers/assets.rb": [
        null,
        null,
        null,
        1,
        null,
        null,
        null,
        null
      ],
      "/Users/catusel/work/ada/capstone/Adventure-TBD/config/initializers/backtrace_silencers.rb": [
        null,
        null,
        null,
        null,
        null,
        null,
        null
      ],
      "/Users/catusel/work/ada/capstone/Adventure-TBD/config/initializers/cookies_serializer.rb": [
        null,
        null,
        1
      ],
      "/Users/catusel/work/ada/capstone/Adventure-TBD/config/initializers/filter_parameter_logging.rb": [
        null,
        null,
        null,
        1
      ],
      "/Users/catusel/work/ada/capstone/Adventure-TBD/config/initializers/inflections.rb": [
        null,
        null,
        null,
        null,
        null,
        null,
        null,
        null,
        null,
        null,
        null,
        null,
        null,
        null,
        null,
        null
      ],
      "/Users/catusel/work/ada/capstone/Adventure-TBD/config/initializers/instagram.rb": [
        1,
        null,
        1,
        1,
        1,
        null
      ],
      "/Users/catusel/work/ada/capstone/Adventure-TBD/config/initializers/mime_types.rb": [
        null,
        null,
        null,
        null
      ],
      "/Users/catusel/work/ada/capstone/Adventure-TBD/config/initializers/session_store.rb": [
        null,
        null,
        1
      ],
      "/Users/catusel/work/ada/capstone/Adventure-TBD/config/initializers/timezone.rb": [
        1,
        1,
        null
      ],
      "/Users/catusel/work/ada/capstone/Adventure-TBD/config/initializers/wrap_parameters.rb": [
        null,
        null,
        null,
        null,
        null,
        null,
        1,
        1,
        null,
        null,
        null,
        null,
        null,
        null
      ],
      "/Users/catusel/work/ada/capstone/Adventure-TBD/config/initializers/yelp.rb": [
        1,
        null,
        1,
        1,
        1,
        1,
        1,
        null
      ],
      "/Users/catusel/work/ada/capstone/Adventure-TBD/config/routes.rb": [
        1,
        1,
        1,
        1,
        1,
        1,
        null,
        null,
        null,
        null,
        null,
        null,
        null,
        null,
        null,
        null,
        null,
        null,
        null,
        null,
        null,
        null,
        null,
        null,
        null,
        null,
        null,
        null,
        null,
        null,
        null,
        null,
        null,
        null,
        null,
        null,
        null,
        null,
        null,
        null,
        null,
        null,
        null,
        null,
        null,
        null,
        null,
        null,
        null,
        null,
        null,
        null,
        null,
        null,
        null,
        null,
        null,
        null,
        null,
        null,
        null
      ],
      "/Users/catusel/work/ada/capstone/Adventure-TBD/app/helpers/application_helper.rb": [
        1,
        null
      ],
      "/Users/catusel/work/ada/capstone/Adventure-TBD/app/helpers/home_helper.rb": [
        1,
        null
      ],
      "/Users/catusel/work/ada/capstone/Adventure-TBD/app/helpers/location_helper.rb": [
        1,
        null
      ],
      "/Users/catusel/work/ada/capstone/Adventure-TBD/app/helpers/session_helper.rb": [
        1,
        null
      ],
      "/Users/catusel/work/ada/capstone/Adventure-TBD/app/helpful_classes/google_requester.rb": [
        1,
        null,
        1,
        null,
        1,
        1,
        1,
        null,
        0,
        null,
        null,
        null,
        null,
        1,
        43,
        43,
        null,
        43,
        43,
        1,
        null,
        null,
        42,
        null,
        42,
        25,
        null,
        null,
        null,
        null,
        1,
        28,
        28,
        28,
        null,
        28,
        28,
        null,
        null,
        null,
        200,
        null,
        null,
        28,
        null,
        null,
        null
      ],
      "/Users/catusel/work/ada/capstone/Adventure-TBD/spec/helpful_classes/instagram_requester_spec.rb": [
        1,
        null,
        1,
        2,
        2,
        1,
        2,
        3,
        1,
        1,
        1,
        1,
        1,
        1,
        null,
        1,
        null,
        null,
        null,
        1,
        1,
        1,
        1,
        null,
        1,
        null,
        null,
        null,
        1,
        1,
        1,
        1,
        1,
        null,
        null,
        null,
        null,
        null,
        1,
        1,
        1,
        1,
        null,
        1,
        1,
        null,
        null,
        null,
        1,
        1,
        1,
        1,
        1,
        null,
        1,
        null,
        null,
        null,
        null,
        null
      ],
      "/Users/catusel/work/ada/capstone/Adventure-TBD/app/helpful_classes/instagram_requester.rb": [
        1,
        null,
        1,
        1,
        0,
        null,
        null,
        null,
        1,
        40,
        42,
        42,
        40,
        2,
        null,
        40,
        null,
        null,
        null,
        null,
        1,
        43,
        2,
        21,
        4,
        null,
        null,
        2,
        null,
        null,
        null,
        1,
        3,
        13,
        null,
        null,
        null,
        null,
        null,
        null,
        null,
        null,
        null,
        null,
        null,
        null,
        null,
        null,
        null,
        null,
        null,
        null,
        null,
        null,
        null,
        null,
        null,
        null,
        null,
        null,
        null,
        null,
        null,
        null,
        null,
        null,
        null,
        null,
        null,
        null,
        null,
        null,
        null,
        null,
        null,
        null,
        null,
        null,
        null,
        null,
        null,
        null,
        null,
        null,
        null,
        null,
        null,
        null,
        null,
        null,
        null,
        null,
        null,
        null,
        null,
        null,
        null,
        null,
        null,
        null
      ],
      "/Users/catusel/work/ada/capstone/Adventure-TBD/spec/helpful_classes/yelp_requester_spec.rb": [
        1,
        null,
        1,
        1,
        1,
        1,
        2,
        null,
        null,
        null,
        1,
        1,
        1,
        1,
        null,
        1,
        null,
        null,
        null
      ],
      "/Users/catusel/work/ada/capstone/Adventure-TBD/app/helpful_classes/yelp_requester.rb": [
        1,
        null,
        1,
        4,
        4,
        1,
        null,
        3,
        3,
        null,
        null,
        null,
        3,
        null,
        null,
        null,
        null
      ],
      "/Users/catusel/work/ada/capstone/Adventure-TBD/spec/models/insta_code_spec.rb": [
        1,
        null,
        1,
        1,
        null
      ],
      "/Users/catusel/work/ada/capstone/Adventure-TBD/app/models/insta_code.rb": [
        1,
        1,
        null
      ],
      "/Users/catusel/work/ada/capstone/Adventure-TBD/spec/models/location_spec.rb": [
        1,
        null,
        1,
        null,
        9,
        null,
        4,
        2,
        1,
        1,
        1,
        1,
        1,
        1,
        null,
        null,
        3,
        3,
        2,
        2,
        2,
        2,
        2,
        2,
        null,
        null,
        4,
        4,
        4,
        3,
        3,
        null,
        1,
        null,
        1,
        1,
        1,
        null,
        null,
        1,
        1,
        1,
        1,
        1,
        1,
        null,
        null,
        null,
        null,
        1,
        1,
        1,
        null,
        null,
        1,
        1,
        null,
        null,
        null,
        1,
        1,
        1,
        1,
        null,
        null,
        null,
        null,
        1,
        1,
        1,
        1,
        null,
        null,
        null,
        1,
        1,
        1,
        1,
        1,
        null,
        null,
        null,
        1,
        1,
        1,
        null,
        null,
        null,
        1,
        1,
        1,
        1,
        null,
        null,
        null,
        null,
        null,
        1,
        1,
        1,
        1,
        null,
        null,
        null,
        1,
        1,
        1,
        null,
        null,
        null,
        1,
        1,
        1,
        null,
        null,
        null,
        1,
        1,
        1,
        1,
        null,
        null,
        null,
        null,
        null,
        1,
        1,
        1,
        1,
        1,
        1,
        null,
        1,
        1,
        null,
        null,
        1,
        1,
        1,
        1,
        1,
        1,
        null,
        4,
        1,
        null,
        null,
        1,
        1,
        1,
        1,
        1,
        null,
        1,
        null,
        null,
        null,
        null,
        1,
        null,
        1,
        1,
        1,
        null,
        1,
        null,
        null,
        1,
        1,
        1,
        1,
        1,
        null,
        1,
        null,
        null,
        null,
        null,
        null
      ],
      "/Users/catusel/work/ada/capstone/Adventure-TBD/app/models/location.rb": [
        1,
        null,
        1,
        1,
        1,
        null,
        1,
        null,
        1,
        null,
        null,
        null,
        null,
        null,
        1,
        2,
        null,
        null,
        null,
        null,
        null,
        null,
        null,
        1,
        2,
        2,
        40,
        40,
        39,
        null,
        null,
        null,
        null,
        null,
        null,
        39,
        39,
        null,
        null,
        1,
        null,
        1,
        null,
        null,
        null,
        null,
        10,
        null,
        null,
        null,
        1,
        7,
        null,
        null,
        1,
        11,
        null,
        null,
        1,
        10,
        10,
        10,
        10,
        10,
        null,
        null,
        null,
        null,
        1,
        3,
        3,
        9,
        null,
        null,
        3,
        null,
        null,
        null
      ],
      "/Users/catusel/work/ada/capstone/Adventure-TBD/spec/models/photo_spec.rb": [
        1,
        null,
        1,
        1,
        null
      ],
      "/Users/catusel/work/ada/capstone/Adventure-TBD/app/models/photo.rb": [
        1,
        1,
        null
      ],
      "/Users/catusel/work/ada/capstone/Adventure-TBD/app/models/window.rb": [
        1,
        1,
        null
      ]
    },
    "timestamp": 1423783311
  }
}
